<?xml version="1.0" encoding="UTF-8"?>
<!-- Generated by org.testng.reporters.JUnitReportReporter -->
<testsuite hostname="LAPTOP-16O54L56" failures="0" tests="9" name="runner.RentPgArticle" time="6.615" errors="0" timestamp="2022-03-24T18:11:35 IST" skipped="0">
  <testcase classname="runner.RentPgArticle" name="setUp" time="0.000"/>
  <system-out/>
  <testcase classname="runner.RentPgArticle" name="openNoDroker" time="1.878"/>
  <system-out/>
  <testcase classname="runner.RentPgArticle" name="selectSearchType" time="0.263"/>
  <system-out/>
  <testcase classname="runner.RentPgArticle" name="selectCity" time="0.337"/>
  <system-out/>
  <testcase classname="runner.RentPgArticle" name="selectRentPropertyType" time="0.211"/>
  <system-out/>
  <testcase classname="runner.RentPgArticle" name="optionFromDropDown" time="0.394"/>
  <system-out/>
  <testcase classname="runner.RentPgArticle" name="selectLocalityAndSearch" time="1.647"/>
  <system-out/>
  <testcase classname="runner.RentPgArticle" name="clickArticle" time="1.123"/>
  <system-out/>
  <testcase classname="runner.RentPgArticle" name="seePhotos" time="0.762"/>
  <system-out/>
</testsuite> <!-- runner.RentPgArticle -->
