<?xml version="1.0" encoding="UTF-8"?>
<!-- Generated by org.testng.reporters.JUnitReportReporter -->
<testsuite hostname="LAPTOP-16O54L56" failures="0" tests="5" name="runner.Interior" time="8.613" errors="0" timestamp="2022-03-24T18:53:22 IST" skipped="0">
  <testcase classname="runner.Interior" name="setUp" time="0.002"/>
  <system-out/>
  <testcase classname="runner.Interior" name="openNoDroker" time="1.263"/>
  <system-out/>
  <testcase classname="runner.Interior" name="openMenu" time="0.162"/>
  <system-out/>
  <testcase classname="runner.Interior" name="openInterior" time="5.898"/>
  <system-out/>
  <testcase classname="runner.Interior" name="seeRoomPhotos" time="1.288"/>
  <system-out/>
</testsuite> <!-- runner.Interior -->
