<?xml version="1.0" encoding="UTF-8"?>
<!-- Generated by org.testng.reporters.JUnitReportReporter -->
<testsuite hostname="LAPTOP-16O54L56" failures="0" tests="8" name="runner.RentFullHouseMap" time="8.232" errors="0" timestamp="2022-03-24T18:11:35 IST" skipped="0">
  <testcase classname="runner.RentFullHouseMap" name="setUp" time="0.000"/>
  <system-out/>
  <testcase classname="runner.RentFullHouseMap" name="openNoDroker" time="1.800"/>
  <system-out/>
  <testcase classname="runner.RentFullHouseMap" name="selectSearchType" time="0.264"/>
  <system-out/>
  <testcase classname="runner.RentFullHouseMap" name="selectCity" time="0.352"/>
  <system-out/>
  <testcase classname="runner.RentFullHouseMap" name="selectRentPropertyType" time="0.098"/>
  <system-out/>
  <testcase classname="runner.RentFullHouseMap" name="optionFromDropDown" time="0.392"/>
  <system-out/>
  <testcase classname="runner.RentFullHouseMap" name="selectLocalityAndSearch" time="1.613"/>
  <system-out/>
  <testcase classname="runner.RentFullHouseMap" name="swithMapAndZoom" time="3.713"/>
  <system-out/>
</testsuite> <!-- runner.RentFullHouseMap -->
