<?xml version="1.0" encoding="UTF-8"?>
<!-- Generated by org.testng.reporters.JUnitReportReporter -->
<testsuite hostname="LAPTOP-16O54L56" failures="0" tests="9" name="runner.CommercialPropertyArticle" time="6.395" errors="0" timestamp="2022-03-24T18:53:22 IST" skipped="0">
  <testcase classname="runner.CommercialPropertyArticle" name="setUp" time="0.001"/>
  <system-out/>
  <testcase classname="runner.CommercialPropertyArticle" name="openNoDroker" time="2.005"/>
  <system-out/>
  <testcase classname="runner.CommercialPropertyArticle" name="selectSearchType" time="0.296"/>
  <system-out/>
  <testcase classname="runner.CommercialPropertyArticle" name="selectCity" time="0.334"/>
  <system-out/>
  <testcase classname="runner.CommercialPropertyArticle" name="selectCommercialPropertyType" time="0.110"/>
  <system-out/>
  <testcase classname="runner.CommercialPropertyArticle" name="optionFromDropDown" time="0.186"/>
  <system-out/>
  <testcase classname="runner.CommercialPropertyArticle" name="selectLocalityAndSearch" time="1.882"/>
  <system-out/>
  <testcase classname="runner.CommercialPropertyArticle" name="clickArticle" time="0.806"/>
  <system-out/>
  <testcase classname="runner.CommercialPropertyArticle" name="seePhotos" time="0.775"/>
  <system-out/>
</testsuite> <!-- runner.CommercialPropertyArticle -->
