<?xml version="1.0" encoding="UTF-8"?>
<!-- Generated by org.testng.reporters.JUnitReportReporter -->
<testsuite hostname="LAPTOP-16O54L56" failures="0" tests="4" name="runner.AboutUs" time="6.161" errors="0" timestamp="2022-03-25T12:45:02 IST" skipped="0">
  <testcase classname="runner.AboutUs" name="setUp" time="0.015"/>
  <system-out/>
  <testcase classname="runner.AboutUs" name="openNoDroker" time="2.444"/>
  <system-out/>
  <testcase classname="runner.AboutUs" name="clickAboutUs" time="1.145"/>
  <system-out/>
  <testcase classname="runner.AboutUs" name="OpenTwitter" time="2.557"/>
  <system-out/>
</testsuite> <!-- runner.AboutUs -->
