<?xml version="1.0" encoding="UTF-8"?>
<!-- Generated by org.testng.reporters.JUnitReportReporter -->
<testsuite hostname="LAPTOP-16O54L56" failures="0" tests="8" name="runner.BuyPropertyArticle" time="6.764" errors="0" timestamp="2022-03-25T17:33:26 IST" skipped="0">
  <testcase classname="runner.BuyPropertyArticle" name="setUp" time="0.006"/>
  <system-out/>
  <testcase classname="runner.BuyPropertyArticle" name="openNoDroker" time="2.623"/>
  <system-out/>
  <testcase classname="runner.BuyPropertyArticle" name="selectSearchType" time="0.230"/>
  <system-out/>
  <testcase classname="runner.BuyPropertyArticle" name="selectCity" time="0.344"/>
  <system-out/>
  <testcase classname="runner.BuyPropertyArticle" name="optionFromDropDown" time="0.452"/>
  <system-out/>
  <testcase classname="runner.BuyPropertyArticle" name="selectLocalityAndSearch" time="1.595"/>
  <system-out/>
  <testcase classname="runner.BuyPropertyArticle" name="clickArticle" time="0.773"/>
  <system-out/>
  <testcase classname="runner.BuyPropertyArticle" name="seePhotos" time="0.741"/>
  <system-out/>
</testsuite> <!-- runner.BuyPropertyArticle -->
