<?xml version="1.0" encoding="UTF-8"?>
<!-- Generated by org.testng.reporters.JUnitReportReporter -->
<testsuite hostname="LAPTOP-16O54L56" failures="0" tests="8" name="runner.CommercialBuy" time="10.050" errors="0" timestamp="2022-03-23T16:31:58 IST" skipped="0">
  <testcase classname="runner.CommercialBuy" name="setUp" time="0.000"/>
  <system-out/>
  <testcase classname="runner.CommercialBuy" name="openNoDroker" time="2.115"/>
  <system-out/>
  <testcase classname="runner.CommercialBuy" name="selectSearchType" time="0.384"/>
  <system-out/>
  <testcase classname="runner.CommercialBuy" name="selectCity" time="0.418"/>
  <system-out/>
  <testcase classname="runner.CommercialBuy" name="selectRentPropertyType" time="0.460"/>
  <system-out/>
  <testcase classname="runner.CommercialBuy" name="optionFromDropDown" time="0.227"/>
  <system-out/>
  <testcase classname="runner.CommercialBuy" name="selectLocalityAndSearch" time="3.601"/>
  <system-out/>
  <testcase classname="runner.CommercialBuy" name="swithMapAndZoom" time="2.845"/>
  <system-out/>
</testsuite> <!-- runner.CommercialBuy -->
