<?xml version="1.0" encoding="UTF-8"?>
<!-- Generated by org.testng.reporters.JUnitReportReporter -->
<testsuite hostname="LAPTOP-16O54L56" failures="0" tests="8" name="runner.RentMap" time="8.979" errors="0" timestamp="2022-03-24T18:53:22 IST" skipped="0">
  <testcase classname="runner.RentMap" name="setUp" time="0.000"/>
  <system-out/>
  <testcase classname="runner.RentMap" name="openNoDroker" time="1.914"/>
  <system-out/>
  <testcase classname="runner.RentMap" name="selectSearchType" time="0.260"/>
  <system-out/>
  <testcase classname="runner.RentMap" name="selectCity" time="0.268"/>
  <system-out/>
  <testcase classname="runner.RentMap" name="selectRentPropertyType" time="0.163"/>
  <system-out/>
  <testcase classname="runner.RentMap" name="optionFromDropDown" time="0.422"/>
  <system-out/>
  <testcase classname="runner.RentMap" name="selectLocalityAndSearch" time="2.134"/>
  <system-out/>
  <testcase classname="runner.RentMap" name="swithMapAndZoom" time="3.818"/>
  <system-out/>
</testsuite> <!-- runner.RentMap -->
