<?xml version="1.0" encoding="UTF-8"?>
<!-- Generated by org.testng.reporters.JUnitReportReporter -->
<testsuite hostname="LAPTOP-16O54L56" failures="0" tests="7" name="runner.BuyReadyProperty" time="10.060" errors="0" timestamp="2022-03-23T16:31:58 IST" skipped="0">
  <testcase classname="runner.BuyReadyProperty" name="setUp" time="0.000"/>
  <system-out/>
  <testcase classname="runner.BuyReadyProperty" name="openNoDroker" time="1.925"/>
  <system-out/>
  <testcase classname="runner.BuyReadyProperty" name="selectSearchType" time="0.338"/>
  <system-out/>
  <testcase classname="runner.BuyReadyProperty" name="selectCity" time="0.649"/>
  <system-out/>
  <testcase classname="runner.BuyReadyProperty" name="optionFromDropDown" time="0.468"/>
  <system-out/>
  <testcase classname="runner.BuyReadyProperty" name="selectLocalityAndSearch" time="3.812"/>
  <system-out/>
  <testcase classname="runner.BuyReadyProperty" name="swithMapAndZoom" time="2.868"/>
  <system-out/>
</testsuite> <!-- runner.BuyReadyProperty -->
