<?xml version="1.0" encoding="UTF-8"?>
<!-- Generated by org.testng.reporters.JUnitReportReporter -->
<testsuite hostname="LAPTOP-16O54L56" failures="0" tests="7" name="runner.BuyPropertyMap" time="7.814" errors="0" timestamp="2022-03-24T18:53:22 IST" skipped="0">
  <testcase classname="runner.BuyPropertyMap" name="setUp" time="0.001"/>
  <system-out/>
  <testcase classname="runner.BuyPropertyMap" name="openNoDroker" time="1.968"/>
  <system-out/>
  <testcase classname="runner.BuyPropertyMap" name="selectSearchType" time="0.308"/>
  <system-out/>
  <testcase classname="runner.BuyPropertyMap" name="selectCity" time="0.330"/>
  <system-out/>
  <testcase classname="runner.BuyPropertyMap" name="optionFromDropDown" time="0.434"/>
  <system-out/>
  <testcase classname="runner.BuyPropertyMap" name="selectLocalityAndSearch" time="1.822"/>
  <system-out/>
  <testcase classname="runner.BuyPropertyMap" name="swithMapAndZoom" time="2.951"/>
  <system-out/>
</testsuite> <!-- runner.BuyPropertyMap -->
