<?xml version="1.0" encoding="UTF-8"?>
<!-- Generated by org.testng.reporters.JUnitReportReporter -->
<testsuite hostname="LAPTOP-16O54L56" failures="0" tests="9" name="runner.RentArticle" time="6.800" errors="0" timestamp="2022-03-24T18:53:22 IST" skipped="0">
  <testcase classname="runner.RentArticle" name="setUp" time="0.001"/>
  <system-out/>
  <testcase classname="runner.RentArticle" name="openNoDroker" time="1.848"/>
  <system-out/>
  <testcase classname="runner.RentArticle" name="selectSearchType" time="0.267"/>
  <system-out/>
  <testcase classname="runner.RentArticle" name="selectCity" time="0.482"/>
  <system-out/>
  <testcase classname="runner.RentArticle" name="selectRentPropertyType" time="0.066"/>
  <system-out/>
  <testcase classname="runner.RentArticle" name="optionFromDropDown" time="0.320"/>
  <system-out/>
  <testcase classname="runner.RentArticle" name="selectLocalityAndSearch" time="1.932"/>
  <system-out/>
  <testcase classname="runner.RentArticle" name="clickArticle" time="1.172"/>
  <system-out/>
  <testcase classname="runner.RentArticle" name="seePhotos" time="0.712"/>
  <system-out/>
</testsuite> <!-- runner.RentArticle -->
