<?xml version="1.0" encoding="UTF-8"?>
<!-- Generated by org.testng.reporters.JUnitReportReporter -->
<testsuite hostname="LAPTOP-16O54L56" failures="0" tests="8" name="runner.RentFullHouse" time="11.565" errors="0" timestamp="2022-03-23T16:31:58 IST" skipped="0">
  <testcase classname="runner.RentFullHouse" name="setUp" time="0.008"/>
  <system-out/>
  <testcase classname="runner.RentFullHouse" name="openNoDroker" time="2.177"/>
  <system-out/>
  <testcase classname="runner.RentFullHouse" name="selectSearchType" time="0.715"/>
  <system-out/>
  <testcase classname="runner.RentFullHouse" name="selectCity" time="0.218"/>
  <system-out/>
  <testcase classname="runner.RentFullHouse" name="selectRentPropertyType" time="0.457"/>
  <system-out/>
  <testcase classname="runner.RentFullHouse" name="optionFromDropDown" time="0.399"/>
  <system-out/>
  <testcase classname="runner.RentFullHouse" name="selectLocalityAndSearch" time="3.663"/>
  <system-out/>
  <testcase classname="runner.RentFullHouse" name="swithMapAndZoom" time="3.928"/>
  <system-out/>
</testsuite> <!-- runner.RentFullHouse -->
