<?xml version="1.0" encoding="UTF-8"?>
<!-- Generated by org.testng.reporters.JUnitReportReporter -->
<testsuite hostname="LAPTOP-16O54L56" failures="0" tests="7" name="runner.EmiCalculator" time="5.119" errors="0" timestamp="2022-03-25T17:32:53 IST" skipped="0">
  <testcase classname="runner.EmiCalculator" name="setUp" time="0.005"/>
  <system-out/>
  <testcase classname="runner.EmiCalculator" name="openNoDroker" time="2.633"/>
  <system-out/>
  <testcase classname="runner.EmiCalculator" name="emiFooterLink" time="1.984"/>
  <system-out/>
  <testcase classname="runner.EmiCalculator" name="loanAmount" time="0.127"/>
  <system-out/>
  <testcase classname="runner.EmiCalculator" name="rateOfInterest" time="0.104"/>
  <system-out/>
  <testcase classname="runner.EmiCalculator" name="loanTenure" time="0.092"/>
  <system-out/>
  <testcase classname="runner.EmiCalculator" name="output" time="0.174"/>
  <system-out/>
</testsuite> <!-- runner.EmiCalculator -->
