<?xml version="1.0" encoding="UTF-8"?>
<!-- Generated by org.testng.reporters.JUnitReportReporter -->
<testsuite hostname="LAPTOP-16O54L56" failures="0" tests="8" name="runner.CommercialPropertyMap" time="8.016" errors="0" timestamp="2022-03-24T18:53:22 IST" skipped="0">
  <testcase classname="runner.CommercialPropertyMap" name="setUp" time="0.001"/>
  <system-out/>
  <testcase classname="runner.CommercialPropertyMap" name="openNoDroker" time="1.970"/>
  <system-out/>
  <testcase classname="runner.CommercialPropertyMap" name="selectSearchType" time="0.261"/>
  <system-out/>
  <testcase classname="runner.CommercialPropertyMap" name="selectCity" time="0.394"/>
  <system-out/>
  <testcase classname="runner.CommercialPropertyMap" name="selectCommercialPropertyType" time="0.093"/>
  <system-out/>
  <testcase classname="runner.CommercialPropertyMap" name="optionFromDropDown" time="0.164"/>
  <system-out/>
  <testcase classname="runner.CommercialPropertyMap" name="selectLocalityAndSearch" time="1.977"/>
  <system-out/>
  <testcase classname="runner.CommercialPropertyMap" name="swithMapAndZoom" time="3.156"/>
  <system-out/>
</testsuite> <!-- runner.CommercialPropertyMap -->
