<?xml version="1.0" encoding="UTF-8"?>
<!-- Generated by org.testng.reporters.JUnitReportReporter -->
<testsuite hostname="LAPTOP-16O54L56" failures="0" tests="8" name="runner.CommercialPropertyMap" time="7.605" errors="0" timestamp="2022-03-26T10:10:12 IST" skipped="0">
  <testcase classname="runner.CommercialPropertyMap" name="setUp" time="0.001"/>
  <testcase classname="runner.CommercialPropertyMap" name="openNoDroker" time="1.914"/>
  <testcase classname="runner.CommercialPropertyMap" name="selectSearchType" time="0.263"/>
  <testcase classname="runner.CommercialPropertyMap" name="selectCity" time="0.384"/>
  <testcase classname="runner.CommercialPropertyMap" name="selectCommercialPropertyType" time="0.080"/>
  <testcase classname="runner.CommercialPropertyMap" name="optionFromDropDown" time="0.197"/>
  <testcase classname="runner.CommercialPropertyMap" name="selectLocalityAndSearch" time="1.666"/>
  <testcase classname="runner.CommercialPropertyMap" name="swithMapAndZoom" time="3.100"/>
</testsuite> <!-- runner.CommercialPropertyMap -->
