<?xml version="1.0" encoding="UTF-8"?>
<!-- Generated by org.testng.reporters.JUnitReportReporter -->
<testsuite hostname="LAPTOP-16O54L56" failures="0" tests="5" name="runner.Interior" time="9.779" errors="0" timestamp="2022-03-26T09:47:54 IST" skipped="0">
  <testcase classname="runner.Interior" name="setUp" time="0.003"/>
  <testcase classname="runner.Interior" name="openNoDroker" time="1.478"/>
  <testcase classname="runner.Interior" name="openMenu" time="0.183"/>
  <testcase classname="runner.Interior" name="openInterior" time="6.669"/>
  <testcase classname="runner.Interior" name="seeRoomPhotos" time="1.446"/>
</testsuite> <!-- runner.Interior -->
