<?xml version="1.0" encoding="UTF-8"?>
<!-- Generated by org.testng.reporters.JUnitReportReporter -->
<testsuite hostname="LAPTOP-16O54L56" failures="0" tests="8" name="runner.BuyPropertyArticle" time="8.360" errors="0" timestamp="2022-03-26T13:29:45 IST" skipped="0">
  <testcase classname="runner.BuyPropertyArticle" name="setUp" time="0.003"/>
  <testcase classname="runner.BuyPropertyArticle" name="openNoDroker" time="2.807"/>
  <testcase classname="runner.BuyPropertyArticle" name="selectSearchType" time="0.601"/>
  <testcase classname="runner.BuyPropertyArticle" name="selectCity" time="0.271"/>
  <testcase classname="runner.BuyPropertyArticle" name="optionFromDropDown" time="0.522"/>
  <testcase classname="runner.BuyPropertyArticle" name="selectLocalityAndSearch" time="1.851"/>
  <testcase classname="runner.BuyPropertyArticle" name="clickArticle" time="1.383"/>
  <testcase classname="runner.BuyPropertyArticle" name="seePhotos" time="0.922"/>
</testsuite> <!-- runner.BuyPropertyArticle -->
