<?xml version="1.0" encoding="UTF-8"?>
<!-- Generated by org.testng.reporters.JUnitReportReporter -->
<testsuite hostname="LAPTOP-16O54L56" failures="0" tests="8" name="runner.BuyPropertyArticle" time="8.609" errors="0" timestamp="2022-03-26T09:37:47 IST" skipped="0">
  <testcase classname="runner.BuyPropertyArticle" name="setUp" time="0.004"/>
  <testcase classname="runner.BuyPropertyArticle" name="openNoDroker" time="3.368"/>
  <testcase classname="runner.BuyPropertyArticle" name="selectSearchType" time="0.346"/>
  <testcase classname="runner.BuyPropertyArticle" name="selectCity" time="0.261"/>
  <testcase classname="runner.BuyPropertyArticle" name="optionFromDropDown" time="0.536"/>
  <testcase classname="runner.BuyPropertyArticle" name="selectLocalityAndSearch" time="1.939"/>
  <testcase classname="runner.BuyPropertyArticle" name="clickArticle" time="1.142"/>
  <testcase classname="runner.BuyPropertyArticle" name="seePhotos" time="1.013"/>
</testsuite> <!-- runner.BuyPropertyArticle -->
