<?xml version="1.0" encoding="UTF-8"?>
<!-- Generated by org.testng.reporters.JUnitReportReporter -->
<testsuite hostname="LAPTOP-16O54L56" failures="0" tests="9" name="runner.CommercialPropertyArticle" time="7.740" errors="0" timestamp="2022-03-26T09:37:47 IST" skipped="0">
  <testcase classname="runner.CommercialPropertyArticle" name="setUp" time="0.000"/>
  <testcase classname="runner.CommercialPropertyArticle" name="openNoDroker" time="2.664"/>
  <testcase classname="runner.CommercialPropertyArticle" name="selectSearchType" time="0.335"/>
  <testcase classname="runner.CommercialPropertyArticle" name="selectCity" time="0.479"/>
  <testcase classname="runner.CommercialPropertyArticle" name="selectCommercialPropertyType" time="0.081"/>
  <testcase classname="runner.CommercialPropertyArticle" name="optionFromDropDown" time="0.338"/>
  <testcase classname="runner.CommercialPropertyArticle" name="selectLocalityAndSearch" time="1.623"/>
  <testcase classname="runner.CommercialPropertyArticle" name="clickArticle" time="1.124"/>
  <testcase classname="runner.CommercialPropertyArticle" name="seePhotos" time="1.096"/>
</testsuite> <!-- runner.CommercialPropertyArticle -->
