<?xml version="1.0" encoding="UTF-8"?>
<!-- Generated by org.testng.reporters.JUnitReportReporter -->
<testsuite hostname="LAPTOP-16O54L56" failures="0" tests="8" name="runner.RentMap" time="9.057" errors="0" timestamp="2022-03-26T10:10:12 IST" skipped="0">
  <testcase classname="runner.RentMap" name="setUp" time="0.001"/>
  <testcase classname="runner.RentMap" name="openNoDroker" time="1.883"/>
  <testcase classname="runner.RentMap" name="selectSearchType" time="0.280"/>
  <testcase classname="runner.RentMap" name="selectCity" time="0.493"/>
  <testcase classname="runner.RentMap" name="selectRentPropertyType" time="0.078"/>
  <testcase classname="runner.RentMap" name="optionFromDropDown" time="0.458"/>
  <testcase classname="runner.RentMap" name="selectLocalityAndSearch" time="2.218"/>
  <testcase classname="runner.RentMap" name="swithMapAndZoom" time="3.646"/>
</testsuite> <!-- runner.RentMap -->
