<?xml version="1.0" encoding="UTF-8"?>
<!-- Generated by org.testng.reporters.JUnitReportReporter -->
<testsuite hostname="LAPTOP-16O54L56" failures="0" tests="9" name="runner.RentArticle" time="6.576" errors="0" timestamp="2022-03-26T10:10:12 IST" skipped="0">
  <testcase classname="runner.RentArticle" name="setUp" time="0.001"/>
  <testcase classname="runner.RentArticle" name="openNoDroker" time="1.889"/>
  <testcase classname="runner.RentArticle" name="selectSearchType" time="0.263"/>
  <testcase classname="runner.RentArticle" name="selectCity" time="0.482"/>
  <testcase classname="runner.RentArticle" name="selectRentPropertyType" time="0.064"/>
  <testcase classname="runner.RentArticle" name="optionFromDropDown" time="0.344"/>
  <testcase classname="runner.RentArticle" name="selectLocalityAndSearch" time="1.508"/>
  <testcase classname="runner.RentArticle" name="clickArticle" time="1.320"/>
  <testcase classname="runner.RentArticle" name="seePhotos" time="0.705"/>
</testsuite> <!-- runner.RentArticle -->
