<?xml version="1.0" encoding="UTF-8"?>
<!-- Generated by org.testng.reporters.JUnitReportReporter -->
<testsuite hostname="LAPTOP-16O54L56" failures="0" tests="5" name="runner.Wallet" time="2.480" errors="0" timestamp="2022-03-26T09:56:59 IST" skipped="0">
  <testcase classname="runner.Wallet" name="setUp" time="0.003"/>
  <testcase classname="runner.Wallet" name="openNoDroker" time="1.364"/>
  <testcase classname="runner.Wallet" name="openMenu" time="0.195"/>
  <testcase classname="runner.Wallet" name="openWallet" time="0.645"/>
  <testcase classname="runner.Wallet" name="joinClub" time="0.273"/>
</testsuite> <!-- runner.Wallet -->
