<?xml version="1.0" encoding="UTF-8"?>
<!-- Generated by org.testng.reporters.JUnitReportReporter -->
<testsuite hostname="LAPTOP-16O54L56" failures="0" tests="7" name="runner.EmiCalculator" time="5.469" errors="0" timestamp="2022-03-26T09:37:47 IST" skipped="0">
  <testcase classname="runner.EmiCalculator" name="setUp" time="0.002"/>
  <testcase classname="runner.EmiCalculator" name="openNoDroker" time="2.067"/>
  <testcase classname="runner.EmiCalculator" name="emiFooterLink" time="2.562"/>
  <testcase classname="runner.EmiCalculator" name="loanAmount" time="0.199"/>
  <testcase classname="runner.EmiCalculator" name="rateOfInterest" time="0.094"/>
  <testcase classname="runner.EmiCalculator" name="loanTenure" time="0.111"/>
  <testcase classname="runner.EmiCalculator" name="output" time="0.434"/>
</testsuite> <!-- runner.EmiCalculator -->
