<?xml version="1.0" encoding="UTF-8"?>
<!-- Generated by org.testng.reporters.JUnitReportReporter -->
<testsuite hostname="LAPTOP-16O54L56" failures="0" tests="9" name="runner.RentArticle" time="7.333" errors="0" timestamp="2022-03-26T09:56:59 IST" skipped="0">
  <testcase classname="runner.RentArticle" name="setUp" time="0.001"/>
  <testcase classname="runner.RentArticle" name="openNoDroker" time="2.797"/>
  <testcase classname="runner.RentArticle" name="selectSearchType" time="0.214"/>
  <testcase classname="runner.RentArticle" name="selectCity" time="0.155"/>
  <testcase classname="runner.RentArticle" name="selectRentPropertyType" time="0.150"/>
  <testcase classname="runner.RentArticle" name="optionFromDropDown" time="0.391"/>
  <testcase classname="runner.RentArticle" name="selectLocalityAndSearch" time="2.099"/>
  <testcase classname="runner.RentArticle" name="clickArticle" time="0.843"/>
  <testcase classname="runner.RentArticle" name="seePhotos" time="0.683"/>
</testsuite> <!-- runner.RentArticle -->
