<?xml version="1.0" encoding="UTF-8"?>
<!-- Generated by org.testng.reporters.JUnitReportReporter -->
<testsuite hostname="LAPTOP-16O54L56" failures="0" tests="9" name="runner.RentArticle" time="8.028" errors="0" timestamp="2022-03-26T13:29:45 IST" skipped="0">
  <testcase classname="runner.RentArticle" name="setUp" time="0.000"/>
  <testcase classname="runner.RentArticle" name="openNoDroker" time="2.119"/>
  <testcase classname="runner.RentArticle" name="selectSearchType" time="0.351"/>
  <testcase classname="runner.RentArticle" name="selectCity" time="0.512"/>
  <testcase classname="runner.RentArticle" name="selectRentPropertyType" time="0.090"/>
  <testcase classname="runner.RentArticle" name="optionFromDropDown" time="0.553"/>
  <testcase classname="runner.RentArticle" name="selectLocalityAndSearch" time="2.034"/>
  <testcase classname="runner.RentArticle" name="clickArticle" time="1.451"/>
  <testcase classname="runner.RentArticle" name="seePhotos" time="0.918"/>
</testsuite> <!-- runner.RentArticle -->
