<?xml version="1.0" encoding="UTF-8"?>
<!-- Generated by org.testng.reporters.JUnitReportReporter -->
<testsuite hostname="LAPTOP-16O54L56" failures="0" tests="7" name="runner.BuyPropertyMap" time="7.216" errors="0" timestamp="2022-03-26T10:10:12 IST" skipped="0">
  <testcase classname="runner.BuyPropertyMap" name="setUp" time="0.000"/>
  <testcase classname="runner.BuyPropertyMap" name="openNoDroker" time="1.882"/>
  <testcase classname="runner.BuyPropertyMap" name="selectSearchType" time="0.241"/>
  <testcase classname="runner.BuyPropertyMap" name="selectCity" time="0.180"/>
  <testcase classname="runner.BuyPropertyMap" name="optionFromDropDown" time="0.457"/>
  <testcase classname="runner.BuyPropertyMap" name="selectLocalityAndSearch" time="1.623"/>
  <testcase classname="runner.BuyPropertyMap" name="swithMapAndZoom" time="2.833"/>
</testsuite> <!-- runner.BuyPropertyMap -->
