<?xml version="1.0" encoding="UTF-8"?>
<!-- Generated by org.testng.reporters.JUnitReportReporter -->
<testsuite hostname="LAPTOP-16O54L56" failures="0" tests="8" name="runner.CommercialPropertyMap" time="8.993" errors="0" timestamp="2022-03-26T09:37:47 IST" skipped="0">
  <testcase classname="runner.CommercialPropertyMap" name="setUp" time="0.000"/>
  <testcase classname="runner.CommercialPropertyMap" name="openNoDroker" time="2.184"/>
  <testcase classname="runner.CommercialPropertyMap" name="selectSearchType" time="0.678"/>
  <testcase classname="runner.CommercialPropertyMap" name="selectCity" time="0.256"/>
  <testcase classname="runner.CommercialPropertyMap" name="selectCommercialPropertyType" time="0.092"/>
  <testcase classname="runner.CommercialPropertyMap" name="optionFromDropDown" time="0.226"/>
  <testcase classname="runner.CommercialPropertyMap" name="selectLocalityAndSearch" time="1.905"/>
  <testcase classname="runner.CommercialPropertyMap" name="swithMapAndZoom" time="3.652"/>
</testsuite> <!-- runner.CommercialPropertyMap -->
