<?xml version="1.0" encoding="UTF-8"?>
<!-- Generated by org.testng.reporters.JUnitReportReporter -->
<testsuite hostname="LAPTOP-16O54L56" failures="0" tests="5" name="runner.Interior" time="8.793" errors="0" timestamp="2022-03-26T09:56:59 IST" skipped="0">
  <testcase classname="runner.Interior" name="setUp" time="0.002"/>
  <testcase classname="runner.Interior" name="openNoDroker" time="1.784"/>
  <testcase classname="runner.Interior" name="openMenu" time="0.193"/>
  <testcase classname="runner.Interior" name="openInterior" time="5.519"/>
  <testcase classname="runner.Interior" name="seeRoomPhotos" time="1.295"/>
</testsuite> <!-- runner.Interior -->
