<?xml version="1.0" encoding="UTF-8"?>
<!-- Generated by org.testng.reporters.JUnitReportReporter -->
<testsuite hostname="LAPTOP-16O54L56" failures="0" tests="5" name="runner.Wallet" time="2.453" errors="0" timestamp="2022-03-26T10:10:12 IST" skipped="0">
  <testcase classname="runner.Wallet" name="setUp" time="0.002"/>
  <testcase classname="runner.Wallet" name="openNoDroker" time="1.349"/>
  <testcase classname="runner.Wallet" name="openMenu" time="0.179"/>
  <testcase classname="runner.Wallet" name="openWallet" time="0.659"/>
  <testcase classname="runner.Wallet" name="joinClub" time="0.264"/>
</testsuite> <!-- runner.Wallet -->
