<?xml version="1.0" encoding="UTF-8"?>
<!-- Generated by org.testng.reporters.JUnitReportReporter -->
<testsuite hostname="LAPTOP-16O54L56" failures="0" tests="8" name="runner.RentMap" time="9.748" errors="0" timestamp="2022-03-26T13:29:45 IST" skipped="0">
  <testcase classname="runner.RentMap" name="setUp" time="0.001"/>
  <testcase classname="runner.RentMap" name="openNoDroker" time="1.980"/>
  <testcase classname="runner.RentMap" name="selectSearchType" time="0.352"/>
  <testcase classname="runner.RentMap" name="selectCity" time="0.459"/>
  <testcase classname="runner.RentMap" name="selectRentPropertyType" time="0.086"/>
  <testcase classname="runner.RentMap" name="optionFromDropDown" time="0.559"/>
  <testcase classname="runner.RentMap" name="selectLocalityAndSearch" time="1.927"/>
  <testcase classname="runner.RentMap" name="swithMapAndZoom" time="4.384"/>
</testsuite> <!-- runner.RentMap -->
