<?xml version="1.0" encoding="UTF-8"?>
<!-- Generated by org.testng.reporters.JUnitReportReporter -->
<testsuite hostname="LAPTOP-16O54L56" failures="0" tests="7" name="runner.BuyPropertyMap" time="8.687" errors="0" timestamp="2022-03-26T13:29:45 IST" skipped="0">
  <testcase classname="runner.BuyPropertyMap" name="setUp" time="0.000"/>
  <testcase classname="runner.BuyPropertyMap" name="openNoDroker" time="2.018"/>
  <testcase classname="runner.BuyPropertyMap" name="selectSearchType" time="0.319"/>
  <testcase classname="runner.BuyPropertyMap" name="selectCity" time="0.327"/>
  <testcase classname="runner.BuyPropertyMap" name="optionFromDropDown" time="0.664"/>
  <testcase classname="runner.BuyPropertyMap" name="selectLocalityAndSearch" time="2.072"/>
  <testcase classname="runner.BuyPropertyMap" name="swithMapAndZoom" time="3.287"/>
</testsuite> <!-- runner.BuyPropertyMap -->
