<?xml version="1.0" encoding="UTF-8"?>
<!-- Generated by org.testng.reporters.JUnitReportReporter -->
<testsuite hostname="LAPTOP-16O54L56" failures="0" tests="5" name="runner.Interior" time="9.461" errors="0" timestamp="2022-03-26T10:10:12 IST" skipped="0">
  <testcase classname="runner.Interior" name="setUp" time="0.004"/>
  <testcase classname="runner.Interior" name="openNoDroker" time="1.392"/>
  <testcase classname="runner.Interior" name="openMenu" time="0.182"/>
  <testcase classname="runner.Interior" name="openInterior" time="6.499"/>
  <testcase classname="runner.Interior" name="seeRoomPhotos" time="1.384"/>
</testsuite> <!-- runner.Interior -->
