<?xml version="1.0" encoding="UTF-8"?>
<!-- Generated by org.testng.reporters.JUnitReportReporter -->
<testsuite hostname="LAPTOP-16O54L56" failures="0" tests="4" name="runner.AboutUs" time="6.002" errors="0" timestamp="2022-03-26T09:47:54 IST" skipped="0">
  <testcase classname="runner.AboutUs" name="setUp" time="0.003"/>
  <testcase classname="runner.AboutUs" name="openNoDroker" time="1.999"/>
  <testcase classname="runner.AboutUs" name="clickAboutUs" time="1.243"/>
  <testcase classname="runner.AboutUs" name="OpenTwitter" time="2.757"/>
</testsuite> <!-- runner.AboutUs -->
