<?xml version="1.0" encoding="UTF-8"?>
<!-- Generated by org.testng.reporters.JUnitReportReporter -->
<testsuite hostname="LAPTOP-16O54L56" failures="0" tests="8" name="runner.BuyPropertyArticle" time="7.051" errors="0" timestamp="2022-03-26T09:56:59 IST" skipped="0">
  <testcase classname="runner.BuyPropertyArticle" name="setUp" time="0.002"/>
  <testcase classname="runner.BuyPropertyArticle" name="openNoDroker" time="2.630"/>
  <testcase classname="runner.BuyPropertyArticle" name="selectSearchType" time="0.245"/>
  <testcase classname="runner.BuyPropertyArticle" name="selectCity" time="0.374"/>
  <testcase classname="runner.BuyPropertyArticle" name="optionFromDropDown" time="0.375"/>
  <testcase classname="runner.BuyPropertyArticle" name="selectLocalityAndSearch" time="1.729"/>
  <testcase classname="runner.BuyPropertyArticle" name="clickArticle" time="0.919"/>
  <testcase classname="runner.BuyPropertyArticle" name="seePhotos" time="0.777"/>
</testsuite> <!-- runner.BuyPropertyArticle -->
