<?xml version="1.0" encoding="UTF-8"?>
<!-- Generated by org.testng.reporters.JUnitReportReporter -->
<testsuite hostname="LAPTOP-16O54L56" failures="0" tests="7" name="runner.BuyPropertyMap" time="7.975" errors="0" timestamp="2022-03-26T09:47:54 IST" skipped="0">
  <testcase classname="runner.BuyPropertyMap" name="setUp" time="0.000"/>
  <testcase classname="runner.BuyPropertyMap" name="openNoDroker" time="2.219"/>
  <testcase classname="runner.BuyPropertyMap" name="selectSearchType" time="0.719"/>
  <testcase classname="runner.BuyPropertyMap" name="selectCity" time="0.205"/>
  <testcase classname="runner.BuyPropertyMap" name="optionFromDropDown" time="0.455"/>
  <testcase classname="runner.BuyPropertyMap" name="selectLocalityAndSearch" time="1.624"/>
  <testcase classname="runner.BuyPropertyMap" name="swithMapAndZoom" time="2.753"/>
</testsuite> <!-- runner.BuyPropertyMap -->
