<?xml version="1.0" encoding="UTF-8"?>
<!-- Generated by org.testng.reporters.JUnitReportReporter -->
<testsuite hostname="LAPTOP-16O54L56" failures="0" tests="5" name="runner.Interior" time="8.604" errors="0" timestamp="2022-03-26T13:29:45 IST" skipped="0">
  <testcase classname="runner.Interior" name="setUp" time="0.001"/>
  <testcase classname="runner.Interior" name="openNoDroker" time="1.597"/>
  <testcase classname="runner.Interior" name="openMenu" time="0.201"/>
  <testcase classname="runner.Interior" name="openInterior" time="5.399"/>
  <testcase classname="runner.Interior" name="seeRoomPhotos" time="1.406"/>
</testsuite> <!-- runner.Interior -->
