<?xml version="1.0" encoding="UTF-8"?>
<!-- Generated by org.testng.reporters.JUnitReportReporter -->
<testsuite hostname="LAPTOP-16O54L56" failures="0" tests="7" name="runner.EmiCalculator" time="4.416" errors="0" timestamp="2022-03-26T09:56:59 IST" skipped="0">
  <testcase classname="runner.EmiCalculator" name="setUp" time="0.009"/>
  <testcase classname="runner.EmiCalculator" name="openNoDroker" time="1.947"/>
  <testcase classname="runner.EmiCalculator" name="emiFooterLink" time="1.994"/>
  <testcase classname="runner.EmiCalculator" name="loanAmount" time="0.126"/>
  <testcase classname="runner.EmiCalculator" name="rateOfInterest" time="0.091"/>
  <testcase classname="runner.EmiCalculator" name="loanTenure" time="0.096"/>
  <testcase classname="runner.EmiCalculator" name="output" time="0.153"/>
</testsuite> <!-- runner.EmiCalculator -->
