<?xml version="1.0" encoding="UTF-8"?>
<!-- Generated by org.testng.reporters.JUnitReportReporter -->
<testsuite hostname="LAPTOP-16O54L56" failures="0" tests="7" name="runner.BuyPropertyMap" time="8.068" errors="0" timestamp="2022-03-26T09:56:59 IST" skipped="0">
  <testcase classname="runner.BuyPropertyMap" name="setUp" time="0.001"/>
  <testcase classname="runner.BuyPropertyMap" name="openNoDroker" time="2.457"/>
  <testcase classname="runner.BuyPropertyMap" name="selectSearchType" time="0.256"/>
  <testcase classname="runner.BuyPropertyMap" name="selectCity" time="0.204"/>
  <testcase classname="runner.BuyPropertyMap" name="optionFromDropDown" time="0.382"/>
  <testcase classname="runner.BuyPropertyMap" name="selectLocalityAndSearch" time="1.876"/>
  <testcase classname="runner.BuyPropertyMap" name="swithMapAndZoom" time="2.892"/>
</testsuite> <!-- runner.BuyPropertyMap -->
