<?xml version="1.0" encoding="UTF-8"?>
<!-- Generated by org.testng.reporters.JUnitReportReporter -->
<testsuite hostname="LAPTOP-16O54L56" failures="0" tests="9" name="runner.CommercialPropertyArticle" time="8.572" errors="0" timestamp="2022-03-26T13:29:45 IST" skipped="0">
  <testcase classname="runner.CommercialPropertyArticle" name="setUp" time="0.001"/>
  <testcase classname="runner.CommercialPropertyArticle" name="openNoDroker" time="2.423"/>
  <testcase classname="runner.CommercialPropertyArticle" name="selectSearchType" time="0.341"/>
  <testcase classname="runner.CommercialPropertyArticle" name="selectCity" time="0.678"/>
  <testcase classname="runner.CommercialPropertyArticle" name="selectCommercialPropertyType" time="0.117"/>
  <testcase classname="runner.CommercialPropertyArticle" name="optionFromDropDown" time="0.248"/>
  <testcase classname="runner.CommercialPropertyArticle" name="selectLocalityAndSearch" time="1.835"/>
  <testcase classname="runner.CommercialPropertyArticle" name="clickArticle" time="1.582"/>
  <testcase classname="runner.CommercialPropertyArticle" name="seePhotos" time="1.347"/>
</testsuite> <!-- runner.CommercialPropertyArticle -->
