<?xml version="1.0" encoding="UTF-8"?>
<!-- Generated by org.testng.reporters.JUnitReportReporter -->
<testsuite hostname="LAPTOP-16O54L56" failures="0" tests="4" name="runner.AboutUs" time="5.800" errors="0" timestamp="2022-03-26T09:56:59 IST" skipped="0">
  <testcase classname="runner.AboutUs" name="setUp" time="0.004"/>
  <testcase classname="runner.AboutUs" name="openNoDroker" time="2.571"/>
  <testcase classname="runner.AboutUs" name="clickAboutUs" time="1.102"/>
  <testcase classname="runner.AboutUs" name="OpenTwitter" time="2.123"/>
</testsuite> <!-- runner.AboutUs -->
