<?xml version="1.0" encoding="UTF-8"?>
<!-- Generated by org.testng.reporters.JUnitReportReporter -->
<testsuite hostname="LAPTOP-16O54L56" failures="0" tests="4" name="runner.AboutUs" time="5.500" errors="0" timestamp="2022-03-26T10:10:12 IST" skipped="0">
  <testcase classname="runner.AboutUs" name="setUp" time="0.004"/>
  <testcase classname="runner.AboutUs" name="openNoDroker" time="2.131"/>
  <testcase classname="runner.AboutUs" name="clickAboutUs" time="1.148"/>
  <testcase classname="runner.AboutUs" name="OpenTwitter" time="2.217"/>
</testsuite> <!-- runner.AboutUs -->
