<?xml version="1.0" encoding="UTF-8"?>
<!-- Generated by org.testng.reporters.JUnitReportReporter -->
<testsuite hostname="LAPTOP-16O54L56" failures="0" tests="8" name="runner.BuyPropertyArticle" time="7.643" errors="0" timestamp="2022-03-26T10:10:12 IST" skipped="0">
  <testcase classname="runner.BuyPropertyArticle" name="setUp" time="0.004"/>
  <testcase classname="runner.BuyPropertyArticle" name="openNoDroker" time="3.160"/>
  <testcase classname="runner.BuyPropertyArticle" name="selectSearchType" time="0.221"/>
  <testcase classname="runner.BuyPropertyArticle" name="selectCity" time="0.239"/>
  <testcase classname="runner.BuyPropertyArticle" name="optionFromDropDown" time="0.373"/>
  <testcase classname="runner.BuyPropertyArticle" name="selectLocalityAndSearch" time="2.131"/>
  <testcase classname="runner.BuyPropertyArticle" name="clickArticle" time="0.794"/>
  <testcase classname="runner.BuyPropertyArticle" name="seePhotos" time="0.721"/>
</testsuite> <!-- runner.BuyPropertyArticle -->
