<?xml version="1.0" encoding="UTF-8"?>
<!-- Generated by org.testng.reporters.JUnitReportReporter -->
<testsuite hostname="LAPTOP-16O54L56" failures="0" tests="8" name="runner.RentMap" time="8.718" errors="0" timestamp="2022-03-26T09:56:59 IST" skipped="0">
  <testcase classname="runner.RentMap" name="setUp" time="0.000"/>
  <testcase classname="runner.RentMap" name="openNoDroker" time="2.033"/>
  <testcase classname="runner.RentMap" name="selectSearchType" time="0.252"/>
  <testcase classname="runner.RentMap" name="selectCity" time="0.294"/>
  <testcase classname="runner.RentMap" name="selectRentPropertyType" time="0.125"/>
  <testcase classname="runner.RentMap" name="optionFromDropDown" time="0.491"/>
  <testcase classname="runner.RentMap" name="selectLocalityAndSearch" time="1.873"/>
  <testcase classname="runner.RentMap" name="swithMapAndZoom" time="3.650"/>
</testsuite> <!-- runner.RentMap -->
